<?xml version="1.0" encoding="UTF-8"?>
<!-- Generated by org.testng.reporters.JUnitXMLReporter -->
<testsuite hostname="PC396738" ignored="0" name="Accept_Start_Restart_Complete_job_iPhone_1-Run1" tests="1" failures="0" timestamp="16 Oct 2019 11:44:05 GMT" time="807.554" errors="0">
  <testcase name="Test_S07_Schedule_Accept_Start_job_iPhone_1" time="753.726" classname="com.mop.qa.test.regression.Test_TTA_S11_Accept_Start_Restart_Complete_job_iPhone_1"/>
</testsuite> <!-- Accept_Start_Restart_Complete_job_iPhone_1-Run1 -->
