<?xml version="1.0" encoding="UTF-8"?>
<!-- Generated by org.testng.reporters.JUnitXMLReporter -->
<testsuite hostname="PC396738" ignored="0" name="Admin_NewJob_NewCustomer_iPhone-Run1" tests="1" failures="0" timestamp="30 Sep 2019 09:48:32 GMT" time="252.923" errors="0">
  <testcase name="Test_TTA_S06_Admin_new_job_new_customer_Step1_iPhone" time="203.374" classname="com.mop.qa.test.regression.Test_TTA_S06_Admin_new_job_new_customer_Step1_iPhone"/>
</testsuite> <!-- Admin_NewJob_NewCustomer_iPhone-Run1 -->
