<?xml version="1.0" encoding="UTF-8"?>
<!-- Generated by org.testng.reporters.JUnitXMLReporter -->
<testsuite hostname="PC396738" ignored="0" name="Admin_CreateNewJob_SLAtemplate_splitJob-Run1" tests="1" failures="0" timestamp="16 Oct 2019 10:33:21 GMT" time="154.548" errors="0">
  <testcase name="@AfterMethod afterMethod" time="0.0" classname="com.mop.qa.testbase.TestBase">
    <failure type="java.lang.NullPointerException">
      <![CDATA[java.lang.NullPointerException
	at com.mop.qa.testbase.TestBase.afterMethod(TestBase.java:231)
	at com.mop.qa.testrunner.TestRunner.main(TestRunner.java:167)
... Removed 24 stack frames]]>
    </failure>
  </testcase> <!-- @AfterMethod afterMethod -->
  <testcase name="Test_TTA_S11_Admin_CreateNewJob_SLAtemplate_splitJob_TestCase" time="144.592" classname="com.mop.qa.test.regression.Test_TTA_S11_Admin_CreateNewJob_SLAtemplate_splitJob_web_1"/>
</testsuite> <!-- Admin_CreateNewJob_SLAtemplate_splitJob-Run1 -->
