<?xml version="1.0" encoding="UTF-8"?>
<!-- Generated by org.testng.reporters.JUnitXMLReporter -->
<testsuite hostname="PC396738" ignored="0" name="Admin_invoice_job-Run1" tests="1" failures="0" timestamp="14 Oct 2019 07:08:56 GMT" time="204.554" errors="0">
  <testcase name="@AfterMethod afterMethod" time="0.0" classname="com.mop.qa.testbase.TestBase">
    <failure type="java.lang.NullPointerException">
      <![CDATA[java.lang.NullPointerException
	at com.mop.qa.testbase.TestBase.afterMethod(TestBase.java:231)
	at com.mop.qa.testrunner.TestRunner.main(TestRunner.java:167)
... Removed 24 stack frames]]>
    </failure>
  </testcase> <!-- @AfterMethod afterMethod -->
  <testcase name="Test_TTA_S07_Admin_invoice_job_TestCase" time="194.998" classname="com.mop.qa.test.regression.Test_TTA_S07_Admin_invoice_job_web_2"/>
</testsuite> <!-- Admin_invoice_job-Run1 -->
