<?xml version="1.0" encoding="UTF-8"?>
<!-- Generated by org.testng.reporters.JUnitXMLReporter -->
<testsuite hostname="PC396738" ignored="0" name="Admin_reschedule_job_Planner_iPhone-Run1" tests="1" failures="0" timestamp="03 Sep 2019 05:13:03 GMT" time="444.67" errors="0">
  <testcase name="Test_TTA_S06_Admin_new_job_new_customer_Step1_iPhone" time="394.395" classname="com.mop.qa.test.regression.Test_TTA_S08_Admin_reschedule_job_Planner_Step1_iPhone"/>
</testsuite> <!-- Admin_reschedule_job_Planner_iPhone-Run1 -->
