<?xml version="1.0" encoding="UTF-8"?>
<!-- Generated by org.testng.reporters.JUnitXMLReporter -->
<testsuite hostname="PC396738" ignored="0" name="Admin_Job_Schedule_anotherUser_iPad-Run1" tests="1" failures="0" timestamp="03 Sep 2019 05:15:42 GMT" time="159.48" errors="0">
  <testcase name="Test_TTA_CreateNewJob_TestCase" time="111.441" classname="com.mop.qa.test.regression.Test_TTA_S08_Admin_Job_Schedule_anotherUser_Step2_iPad2"/>
</testsuite> <!-- Admin_Job_Schedule_anotherUser_iPad-Run1 -->
