<?xml version="1.0" encoding="UTF-8"?>
<!-- Generated by org.testng.reporters.JUnitXMLReporter -->
<testsuite hostname="PC396738" ignored="0" name="Admin_Create_Approve_Schedule_SplitJob-Run1" tests="1" failures="0" timestamp="17 Oct 2019 09:17:32 GMT" time="216.261" errors="0">
  <testcase name="@AfterMethod afterMethod" time="0.0" classname="com.mop.qa.testbase.TestBase">
    <failure type="java.lang.NullPointerException">
      <![CDATA[java.lang.NullPointerException
	at com.mop.qa.testbase.TestBase.afterMethod(TestBase.java:231)
	at com.mop.qa.testrunner.TestRunner.main(TestRunner.java:167)
... Removed 24 stack frames]]>
    </failure>
  </testcase> <!-- @AfterMethod afterMethod -->
  <testcase name="Test_TTA_S07_Admin_Create_Approve_schedulling_Quote_splitJob_TestCase" time="180.774" classname="com.mop.qa.test.regression.Test_TTA_S07_Admin_Create_Approve_schedulling_Quote_splitJob_web_1"/>
</testsuite> <!-- Admin_Create_Approve_Schedule_SplitJob-Run1 -->
