<?xml version="1.0" encoding="UTF-8"?>
<!-- Generated by org.testng.reporters.JUnitXMLReporter -->
<testsuite hostname="LT104209" name="AFL_Test_API_Articles-Run1" tests="1" failures="1" timestamp="9 May 2019 09:35:08 GMT" time="490.572" errors="0">
  <testcase name="AFL_Test_API_Articles" time="463.346" classname="com.mop.qa.test.regression.Test_AFL_Native_App_Regression">
    <failure type="org.openqa.selenium.WebDriverException" message="unknown error (Java heap space)  (WARNING: The server did not provide any stacktrace information)
Command duration or timeout: 0 milliseconds
Build info: version: &amp;apos;3.7.1&amp;apos;, revision: &amp;apos;8a0099a&amp;apos;, time: &amp;apos;2017-11-06T21:01:39.354Z&amp;apos;
System info: host: &amp;apos;LT104209&amp;apos;, ip: &amp;apos;10.252.154.142&amp;apos;, os.name: &amp;apos;Windows 10&amp;apos;, os.arch: &amp;apos;amd64&amp;apos;, os.version: &amp;apos;10.0&amp;apos;, java.version: &amp;apos;1.8.0_201&amp;apos;
Driver info: io.appium.java_client.ios.IOSDriver
Capabilities {agentPath: C:\Users\581395\AppData\Loc..., app: C:\Users\581395\AppData\Roa..., appiumVersion: 1.8.0, autoAcceptAlerts: false, autoDismissAlerts: false, autoGrantPermissions: false, autoWebview: false, automationName: XCUITest, bootstrapPath: C:\Users\581395\AppData\Loc..., bundleId: com.pulselive.ent.afllive, clearSystemFiles: true, desired: {agentPath: C:\Users\581395\AppData\Loc..., app: C:\Users\581395\AppData\Roa..., automationName: XCUITest, bootstrapPath: C:\Users\581395\AppData\Loc..., bundleId: com.pulselive.ent.afllive, clearSystemFiles: true, deviceName: iPhone 7, instrumentApp: true, newCommandTimeout: 200.0, noReset: true, platformName: iOS, platformVersion: 12.1.4, udid: 475cf39ebae403c0fcbaf83ac5b...}, device.category: PHONE, device.majorVersion: 12, device.manufacture: Apple, device.model: iPhone 6+, device.name: Telstra iPhone, device.os: iOS, device.screenSize: 1242x2208, device.serialNumber: 475cf39ebae403c0fcbaf83ac5b..., device.version: 12.1.4, deviceName: iPhone 7, deviceUDID: 475cf39ebae403c0fcbaf83ac5b..., dontGoHomeOnQuit: false, dontStopAppOnReset: false, fullReset: false, install.only.for.update: false, instrumentApp: true, javascriptEnabled: true, keystorePath: ~/.android/debug.keystore, locationServicesAuthorized: false, newCommandTimeout: 200.0, newSessionWaitTimeout: 300, noReset: true, platform: IOS, platformName: iOS, platformVersion: 12.1.4, projectName: , reportDirectory: reports, reportFormat: xml, reportUrl: C:\Users\581395\appiumstudi..., reservationDuration: 240, takeScreenshots: true, test.type: Mobile, testName: mobile test 05/09/19 02:57 PM, udid: 475cf39ebae403c0fcbaf83ac5b..., useKeystore: false, waitForDeviceTimeout: 120000}
Session ID: 71e87c96-b24d-431c-a843-571a6bd1aa13
*** Element info: {Using=xpath, value=(//*[@class=&amp;apos;UIAView&amp;apos; and ./*[@class=&amp;apos;UIAView&amp;apos;] and ./*[@class=&amp;apos;UIAImage&amp;apos;] and ./*[contains(text(),&amp;apos;2019&amp;apos;)] and ./*[@class=&amp;apos;UIAStaticText&amp;apos;]])[41] /*[@text and @class=&amp;apos;UIAStaticText&amp;apos;][2]}">
      <![CDATA[org.openqa.selenium.WebDriverException: unknown error (Java heap space)  (WARNING: The server did not provide any stacktrace information)
Command duration or timeout: 0 milliseconds
Build info: version: '3.7.1', revision: '8a0099a', time: '2017-11-06T21:01:39.354Z'
System info: host: 'LT104209', ip: '10.252.154.142', os.name: 'Windows 10', os.arch: 'amd64', os.version: '10.0', java.version: '1.8.0_201'
Driver info: io.appium.java_client.ios.IOSDriver
Capabilities {agentPath: C:\Users\581395\AppData\Loc..., app: C:\Users\581395\AppData\Roa..., appiumVersion: 1.8.0, autoAcceptAlerts: false, autoDismissAlerts: false, autoGrantPermissions: false, autoWebview: false, automationName: XCUITest, bootstrapPath: C:\Users\581395\AppData\Loc..., bundleId: com.pulselive.ent.afllive, clearSystemFiles: true, desired: {agentPath: C:\Users\581395\AppData\Loc..., app: C:\Users\581395\AppData\Roa..., automationName: XCUITest, bootstrapPath: C:\Users\581395\AppData\Loc..., bundleId: com.pulselive.ent.afllive, clearSystemFiles: true, deviceName: iPhone 7, instrumentApp: true, newCommandTimeout: 200.0, noReset: true, platformName: iOS, platformVersion: 12.1.4, udid: 475cf39ebae403c0fcbaf83ac5b...}, device.category: PHONE, device.majorVersion: 12, device.manufacture: Apple, device.model: iPhone 6+, device.name: Telstra iPhone, device.os: iOS, device.screenSize: 1242x2208, device.serialNumber: 475cf39ebae403c0fcbaf83ac5b..., device.version: 12.1.4, deviceName: iPhone 7, deviceUDID: 475cf39ebae403c0fcbaf83ac5b..., dontGoHomeOnQuit: false, dontStopAppOnReset: false, fullReset: false, install.only.for.update: false, instrumentApp: true, javascriptEnabled: true, keystorePath: ~/.android/debug.keystore, locationServicesAuthorized: false, newCommandTimeout: 200.0, newSessionWaitTimeout: 300, noReset: true, platform: IOS, platformName: iOS, platformVersion: 12.1.4, projectName: , reportDirectory: reports, reportFormat: xml, reportUrl: C:\Users\581395\appiumstudi..., reservationDuration: 240, takeScreenshots: true, test.type: Mobile, testName: mobile test 05/09/19 02:57 PM, udid: 475cf39ebae403c0fcbaf83ac5b..., useKeystore: false, waitForDeviceTimeout: 120000}
Session ID: 71e87c96-b24d-431c-a843-571a6bd1aa13
*** Element info: {Using=xpath, value=(//*[@class='UIAView' and ./*[@class='UIAView'] and ./*[@class='UIAImage'] and ./*[contains(text(),'2019')] and ./*[@class='UIAStaticText']])[41] /*[@text and @class='UIAStaticText'][2]}
	at org.openqa.selenium.remote.ErrorHandler.createThrowable(ErrorHandler.java:214)
	at org.openqa.selenium.remote.ErrorHandler.throwIfResponseFailed(ErrorHandler.java:166)
	at org.openqa.selenium.remote.http.JsonHttpResponseCodec.reconstructValue(JsonHttpResponseCodec.java:40)
	at org.openqa.selenium.remote.http.AbstractHttpResponseCodec.decode(AbstractHttpResponseCodec.java:80)
	at org.openqa.selenium.remote.http.AbstractHttpResponseCodec.decode(AbstractHttpResponseCodec.java:44)
	at org.openqa.selenium.remote.HttpCommandExecutor.execute(HttpCommandExecutor.java:158)
	at io.appium.java_client.remote.AppiumCommandExecutor.execute(AppiumCommandExecutor.java:231)
	at org.openqa.selenium.remote.RemoteWebDriver.execute(RemoteWebDriver.java:543)
	at io.appium.java_client.DefaultGenericMobileDriver.execute(DefaultGenericMobileDriver.java:42)
	at io.appium.java_client.AppiumDriver.execute(AppiumDriver.java:1)
	at io.appium.java_client.ios.IOSDriver.execute(IOSDriver.java:1)
	at org.openqa.selenium.remote.RemoteWebDriver.findElement(RemoteWebDriver.java:317)
	at io.appium.java_client.DefaultGenericMobileDriver.findElement(DefaultGenericMobileDriver.java:62)
	at io.appium.java_client.AppiumDriver.findElement(AppiumDriver.java:1)
	at io.appium.java_client.ios.IOSDriver.findElement(IOSDriver.java:1)
	at org.openqa.selenium.remote.RemoteWebDriver.findElementByXPath(RemoteWebDriver.java:419)
	at io.appium.java_client.DefaultGenericMobileDriver.findElementByXPath(DefaultGenericMobileDriver.java:152)
	at io.appium.java_client.AppiumDriver.findElementByXPath(AppiumDriver.java:1)
	at io.appium.java_client.ios.IOSDriver.findElementByXPath(IOSDriver.java:1)
	at com.mop.qa.testbase.PageBase.getText(PageBase.java:1742)
	at com.mop.qa.pageobject.AFL_NewsPage.extractArticleTitle(AFL_NewsPage.java:275)
	at com.mop.qa.test.regression.Test_AFL_Native_App_Regression.AFL_Test_API_Articles(Test_AFL_Native_App_Regression.java:508)
	at com.mop.qa.testrunner.TestRunner.main(TestRunner.java:167)
... Removed 25 stack frames]]>
    </failure>
  </testcase> <!-- AFL_Test_API_Articles -->
</testsuite> <!-- AFL_Test_API_Articles-Run1 -->
