<?xml version="1.0" encoding="UTF-8"?>
<!-- Generated by org.testng.reporters.JUnitXMLReporter -->
<testsuite hostname="LT104209" name="AFL_Test_Player_Stats-Run1" tests="1" failures="1" timestamp="26 Apr 2019 17:21:21 GMT" time="62.406" errors="0">
  <testcase name="AFL_Test_Player_Stats" time="27.732" classname="com.mop.qa.test.regression.Test_AFL_Native_App_Regression">
    <failure type="java.lang.NullPointerException">
      <![CDATA[java.lang.NullPointerException
	at com.mop.qa.pageobject.AFL_HomePage.<init>(AFL_HomePage.java:26)
	at com.mop.qa.test.regression.Test_AFL_Native_App_Regression.AFL_Test_Player_Stats(Test_AFL_Native_App_Regression.java:26)
	at com.mop.qa.testrunner.TestRunner.main(TestRunner.java:167)
... Removed 21 stack frames]]>
    </failure>
  </testcase> <!-- AFL_Test_Player_Stats -->
</testsuite> <!-- AFL_Test_Player_Stats-Run1 -->
