<?xml version="1.0" encoding="UTF-8"?>
<!-- Generated by org.testng.reporters.JUnitXMLReporter -->
<testsuite hostname="PC449812" ignored="0" name="CreateNewJob_iPhone-Run1" tests="1" failures="0" timestamp="20 Jun 2019 09:07:59 GMT" time="2.324" errors="0">
  <testcase name="@AfterMethod afterMethod" time="0.0" classname="com.mop.qa.testbase.TestBase">
    <failure type="java.lang.NullPointerException">
      <![CDATA[java.lang.NullPointerException
	at com.mop.qa.testbase.TestBase.afterMethod(TestBase.java:234)
	at com.mop.qa.testrunner.TestRunner.main(TestRunner.java:167)
... Removed 24 stack frames]]>
    </failure>
  </testcase> <!-- @AfterMethod afterMethod -->
  <testcase name="Test_TTA_CreateNewJob_TestCase" time="0.138" classname="com.mop.qa.test.regression.Test_TTA_CreateNewJobiPhone"/>
</testsuite> <!-- CreateNewJob_iPhone-Run1 -->
