<?xml version="1.0" encoding="UTF-8"?>
<!-- Generated by org.testng.reporters.JUnitXMLReporter -->
<testsuite hostname="LTIN122556" ignored="0" name="Login_As_Existing_User-Run1" tests="1" failures="0" timestamp="08 Jan 2020 06:00:10 GMT" time="147.599" errors="0">
  <testcase name="@AfterMethod afterMethod" time="0.0" classname="com.mop.qa.testbase.TestBase">
    <failure type="java.lang.NullPointerException">
      <![CDATA[java.lang.NullPointerException
	at com.mop.qa.testbase.TestBase.afterMethod(TestBase.java:231)
	at com.mop.qa.testrunner.TestRunner.main(TestRunner.java:167)
... Removed 24 stack frames]]>
    </failure>
  </testcase> <!-- @AfterMethod afterMethod -->
  <testcase name="Test_NFT_S2_Login_As_Existing_User_TestCase" time="141.533" classname="com.mop.qa.test.regression.Test_NFT_S2_Login_As_Existing_User"/>
</testsuite> <!-- Login_As_Existing_User-Run1 -->
