<?xml version="1.0" encoding="UTF-8"?>
<!-- Generated by org.testng.reporters.JUnitXMLReporter -->
<testsuite hostname="LTIN122556" ignored="0" name="S09_see_Test_Histories_from_TestHistoryCard-Run1" tests="1" failures="0" timestamp="10 Jan 2020 06:14:44 GMT" time="237.709" errors="0">
  <testcase name="@AfterMethod afterMethod" time="0.0" classname="com.mop.qa.testbase.TestBase">
    <failure type="java.lang.NullPointerException">
      <![CDATA[java.lang.NullPointerException
	at com.mop.qa.testbase.TestBase.afterMethod(TestBase.java:231)
	at com.mop.qa.testrunner.TestRunner.main(TestRunner.java:167)
... Removed 24 stack frames]]>
    </failure>
  </testcase> <!-- @AfterMethod afterMethod -->
  <testcase name="Test_NFT_S09_see_Test_Histories_from_TestHistoryCard_TestCase" time="234.066" classname="com.mop.qa.test.regression.Test_NFT_S09_see_Test_Histories_from_TestHistoryCard"/>
</testsuite> <!-- S09_see_Test_Histories_from_TestHistoryCard-Run1 -->
