<?xml version="1.0" encoding="UTF-8"?>
<!-- Generated by org.testng.reporters.JUnitXMLReporter -->
<testsuite hostname="LTIN122556" ignored="0" name="S14_see_All_The_Metrics_As_an_AdminSSPUser-Run1" tests="1" failures="0" timestamp="10 Jan 2020 06:29:06 GMT" time="140.847" errors="0">
  <testcase name="@AfterMethod afterMethod" time="0.0" classname="com.mop.qa.testbase.TestBase">
    <failure type="java.lang.NullPointerException">
      <![CDATA[java.lang.NullPointerException
	at com.mop.qa.testbase.TestBase.afterMethod(TestBase.java:231)
	at com.mop.qa.testrunner.TestRunner.main(TestRunner.java:167)
... Removed 24 stack frames]]>
    </failure>
  </testcase> <!-- @AfterMethod afterMethod -->
  <testcase name="Test_NFT_S14_see_All_The_Metrics_As_an_AdminSSPUser_TestCase" time="136.174" classname="com.mop.qa.test.regression.Test_NFT_S14_see_All_The_Metrics_As_an_AdminSSPUser"/>
</testsuite> <!-- S14_see_All_The_Metrics_As_an_AdminSSPUser-Run1 -->
