<?xml version="1.0" encoding="UTF-8"?>
<!-- Generated by org.testng.reporters.JUnitXMLReporter -->
<testsuite hostname="LTIN122556" ignored="0" name="S3_TriggerAnyTestRun_from_OtherStream-Run1" tests="1" failures="0" timestamp="09 Jan 2020 04:32:50 GMT" time="193.999" errors="0">
  <testcase name="@AfterMethod afterMethod" time="0.0" classname="com.mop.qa.testbase.TestBase">
    <failure type="java.lang.NullPointerException">
      <![CDATA[java.lang.NullPointerException
	at com.mop.qa.testbase.TestBase.afterMethod(TestBase.java:231)
	at com.mop.qa.testrunner.TestRunner.main(TestRunner.java:167)
... Removed 24 stack frames]]>
    </failure>
  </testcase> <!-- @AfterMethod afterMethod -->
  <testcase name="Test_NFT_S3_TriggerAnyTestRun_from_OtherStream_TestCase" time="188.36" classname="com.mop.qa.test.regression.Test_NFT_S3_TriggerAnyTestRun_from_OtherStream"/>
</testsuite> <!-- S3_TriggerAnyTestRun_from_OtherStream-Run1 -->
