<?xml version="1.0" encoding="UTF-8"?>
<!-- Generated by org.testng.reporters.JUnitXMLReporter -->
<testsuite hostname="PC396738" ignored="0" name="Schedule_Accept_Start_job_iPhone_1-Run1" tests="1" failures="0" timestamp="14 Oct 2019 11:44:40 GMT" time="126.34" errors="0">
  <testcase name="Test_S07_Schedule_Accept_Start_job_iPhone_1" time="75.689" classname="com.mop.qa.test.regression.Test_TTA_S07_Schedule_Accept_Start_job_iPhone_1"/>
</testsuite> <!-- Schedule_Accept_Start_job_iPhone_1-Run1 -->
