<?xml version="1.0" encoding="UTF-8"?>
<!-- Generated by org.testng.reporters.JUnitXMLReporter -->
<testsuite hostname="PC396738" ignored="0" name="Tenancy_Create-Run1" tests="1" failures="0" timestamp="24 Oct 2019 13:56:33 GMT" time="228.024" errors="0">
  <testcase name="@AfterMethod afterMethod" time="0.0" classname="com.mop.qa.testbase.TestBase">
    <failure type="java.lang.NullPointerException">
      <![CDATA[java.lang.NullPointerException
	at com.mop.qa.testbase.TestBase.afterMethod(TestBase.java:231)
	at com.mop.qa.testrunner.TestRunner.main(TestRunner.java:167)
... Removed 24 stack frames]]>
    </failure>
  </testcase> <!-- @AfterMethod afterMethod -->
  <testcase name="Test_TTA_Tenancy_Create_TestCase" time="197.904" classname="com.mop.qa.test.regression.Test_TTA_S0_Tenancy_Create"/>
</testsuite> <!-- Tenancy_Create-Run1 -->
