<?xml version="1.0" encoding="UTF-8"?>
<!-- Generated by org.testng.reporters.JUnitXMLReporter -->
<testsuite hostname="PC449812" ignored="0" name="Test_Aras_Web-Run1" tests="1" failures="0" timestamp="09 Jul 2019 07:12:37 GMT" time="799.052" errors="0">
  <testcase name="@AfterMethod afterMethod" time="0.0" classname="com.mop.qa.testbase.TestBase">
    <failure type="java.lang.NullPointerException">
      <![CDATA[java.lang.NullPointerException
	at com.mop.qa.testbase.TestBase.afterMethod(TestBase.java:235)
	at com.mop.qa.testrunner.TestRunner.main(TestRunner.java:167)
... Removed 24 stack frames]]>
    </failure>
  </testcase> <!-- @AfterMethod afterMethod -->
  <testcase name="Test_Aras_TestCase" time="674.096" classname="com.mop.qa.test.regression.Test_Aras"/>
</testsuite> <!-- Test_Aras_Web-Run1 -->
