<?xml version="1.0" encoding="UTF-8"?>
<!-- Generated by org.testng.reporters.JUnitXMLReporter -->
<testsuite hostname="PC396738" ignored="0" name="Worker_execute_complete_update_iphone_1-Run1" tests="1" failures="0" timestamp="24 Oct 2019 13:22:26 GMT" time="755.609" errors="0">
  <testcase name="Test_TTA_S10_Worker_execute_complete_update_iphone_TestCase" time="701.206" classname="com.mop.qa.test.regression.Test_TTA_S10_Worker_execute_complete_update_iphone_1"/>
</testsuite> <!-- Worker_execute_complete_update_iphone_1-Run1 -->
